<?xml version="1.0" encoding="UTF-8"?>
<testsuite xmlns:xsi="http://www.w3.org/2001/XMLSchema-instance" xsi:noNamespaceSchemaLocation="https://maven.apache.org/surefire/maven-surefire-plugin/xsd/surefire-test-report-3.0.xsd" version="3.0" name="com.upiiz.holamundo.HolamundoApplicationTests" time="2.991" tests="1" errors="0" skipped="0" failures="0">
  <properties>
[...]
</properties>
  <testcase name="contextLoads" classname="com.upiiz.holamundo.HolamundoApplicationTests" time="0.922">
    <system-out><![CDATA[07:47:42.090 [main] INFO org.springframework.test.context.support.AnnotationConfigContextLoaderUtils -- Could not detect default configuration classes for test class [com.upiiz.holamundo.HolamundoApplicationTests]: HolamundoApplicationTests does not declare any static, non-private, non-final, nested classes annotated with @Configuration.
07:47:42.224 [main] INFO org.springframework.boot.test.context.SpringBootTestContextBootstrapper -- Found @SpringBootConfiguration com.upiiz.holamundo.HolamundoApplication for test class com.upiiz.holamundo.HolamundoApplicationTests
07:47:42.408 [main] INFO org.springframework.boot.devtools.restart.RestartApplicationListener -- Restart disabled due to context in which it is running

  .   ____          _            __ _ _
 /\\ / ___'_ __ _ _(_)_ __  __ _ \ \ \ \
( ( )\___ | '_ | '_| | '_ \/ _` | \ \ \ \
 \\/  ___)| |_)| | | | | || (_| |  ) ) ) )
  '  |____| .__|_| |_|_| |_\__, | / / / /
 =========|_|==============|___/=/_/_/_/

 :: Spring Boot ::                (v3.3.4)

2024-10-17T07:47:42.665-06:00  INFO 22096 --- [holamundo] [           main] c.u.holamundo.HolamundoApplicationTests  : Starting HolamundoApplicationTests using Java 21.0.2 with PID 22096 (started by Efrain in C:\Users\Efrain\Documents\Respaldo\Documents\WEB-CLIENT\2024\holamundo)
2024-10-17T07:47:42.666-06:00  INFO 22096 --- [holamundo] [           main] c.u.holamundo.HolamundoApplicationTests  : No active profile set, falling back to 1 default profile: "default"
2024-10-17T07:47:43.936-06:00  INFO 22096 --- [holamundo] [           main] c.u.holamundo.HolamundoApplicationTests  : Started HolamundoApplicationTests in 1.547 seconds (process running for 2.626)
]]></system-out>
    <system-err><![CDATA[WARNING: A Java agent has been loaded dynamically (C:\Users\Efrain\.m2\repository\net\bytebuddy\byte-buddy-agent\1.14.19\byte-buddy-agent-1.14.19.jar)
WARNING: If a serviceability tool is in use, please run with -XX:+EnableDynamicAgentLoading to hide this warning
WARNING: If a serviceability tool is not in use, please run with -Djdk.instrument.traceUsage for more information
WARNING: Dynamic loading of agents will be disallowed by default in a future release
]]></system-err>
  </testcase>
</testsuite>